<?xml version="1.0" encoding="UTF-8"?>
<!-- Generated by org.testng.reporters.JUnitReportReporter -->
<testsuite skipped="0" hostname="Yugain-Mac.local" name="com.restassured.testcases.TC_01_UserDetails" tests="2" failures="0" timestamp="03 Sep 2019 03:19:14 GMT" time="3.652" errors="0">
  <testcase name="addUser" time="3.116" classname="com.restassured.testcases.TC_01_UserDetails"/>
  <testcase name="getSingleUser" time="0.536" classname="com.restassured.testcases.TC_01_UserDetails"/>
</testsuite> <!-- com.restassured.testcases.TC_01_UserDetails -->
